<?xml version="1.0" encoding="UTF-8"?>
<!-- Generated by org.testng.reporters.JUnitReportReporter -->
<testsuite hostname="ajit-Ideapad-Z570" failures="0" tests="104" name="test_map_rnc.Test_Runner" time="120.784" errors="0" timestamp="2023-09-14T11:23:33 IST" skipped="100">
  <testcase classname="test_map_rnc.Test_Runner" name="search" time="0.501"/>
  <system-out/>
  <testcase classname="test_map_rnc.Test_Runner" name="resultList" time="14.399"/>
  <system-out/>
  <testcase classname="test_map_rnc.Test_Runner" name="end_of_Search" time="0.993">
    <skipped/>
  </testcase> <!-- end_of_Search -->
  <system-out/>
  <testcase classname="test_map_rnc.Test_Runner" name="end_of_Search" time="0.858">
    <skipped/>
  </testcase> <!-- end_of_Search -->
  <system-out/>
  <testcase classname="test_map_rnc.Test_Runner" name="end_of_Search" time="0.695">
    <skipped/>
  </testcase> <!-- end_of_Search -->
  <system-out/>
  <testcase classname="test_map_rnc.Test_Runner" name="end_of_Search" time="0.833">
    <skipped/>
  </testcase> <!-- end_of_Search -->
  <system-out/>
  <testcase classname="test_map_rnc.Test_Runner" name="end_of_Search" time="0.562">
    <skipped/>
  </testcase> <!-- end_of_Search -->
  <system-out/>
  <testcase classname="test_map_rnc.Test_Runner" name="end_of_Search" time="0.710">
    <skipped/>
  </testcase> <!-- end_of_Search -->
  <system-out/>
  <testcase classname="test_map_rnc.Test_Runner" name="end_of_Search" time="1.251">
    <skipped/>
  </testcase> <!-- end_of_Search -->
  <system-out/>
  <testcase classname="test_map_rnc.Test_Runner" name="end_of_Search" time="0.963">
    <skipped/>
  </testcase> <!-- end_of_Search -->
  <system-out/>
  <testcase classname="test_map_rnc.Test_Runner" name="end_of_Search" time="0.611">
    <skipped/>
  </testcase> <!-- end_of_Search -->
  <system-out/>
  <testcase classname="test_map_rnc.Test_Runner" name="end_of_Search" time="0.930">
    <skipped/>
  </testcase> <!-- end_of_Search -->
  <system-out/>
  <testcase classname="test_map_rnc.Test_Runner" name="end_of_Search" time="1.913">
    <skipped/>
  </testcase> <!-- end_of_Search -->
  <system-out/>
  <testcase classname="test_map_rnc.Test_Runner" name="end_of_Search" time="0.542">
    <skipped/>
  </testcase> <!-- end_of_Search -->
  <system-out/>
  <testcase classname="test_map_rnc.Test_Runner" name="end_of_Search" time="1.002">
    <skipped/>
  </testcase> <!-- end_of_Search -->
  <system-out/>
  <testcase classname="test_map_rnc.Test_Runner" name="end_of_Search" time="1.321">
    <skipped/>
  </testcase> <!-- end_of_Search -->
  <system-out/>
  <testcase classname="test_map_rnc.Test_Runner" name="end_of_Search" time="1.202">
    <skipped/>
  </testcase> <!-- end_of_Search -->
  <system-out/>
  <testcase classname="test_map_rnc.Test_Runner" name="end_of_Search" time="0.473">
    <skipped/>
  </testcase> <!-- end_of_Search -->
  <system-out/>
  <testcase classname="test_map_rnc.Test_Runner" name="end_of_Search" time="1.103">
    <skipped/>
  </testcase> <!-- end_of_Search -->
  <system-out/>
  <testcase classname="test_map_rnc.Test_Runner" name="end_of_Search" time="1.236">
    <skipped/>
  </testcase> <!-- end_of_Search -->
  <system-out/>
  <testcase classname="test_map_rnc.Test_Runner" name="end_of_Search" time="0.555">
    <skipped/>
  </testcase> <!-- end_of_Search -->
  <system-out/>
  <testcase classname="test_map_rnc.Test_Runner" name="end_of_Search" time="1.056">
    <skipped/>
  </testcase> <!-- end_of_Search -->
  <system-out/>
  <testcase classname="test_map_rnc.Test_Runner" name="end_of_Search" time="1.379">
    <skipped/>
  </testcase> <!-- end_of_Search -->
  <system-out/>
  <testcase classname="test_map_rnc.Test_Runner" name="end_of_Search" time="0.580">
    <skipped/>
  </testcase> <!-- end_of_Search -->
  <system-out/>
  <testcase classname="test_map_rnc.Test_Runner" name="end_of_Search" time="0.517">
    <skipped/>
  </testcase> <!-- end_of_Search -->
  <system-out/>
  <testcase classname="test_map_rnc.Test_Runner" name="end_of_Search" time="0.706">
    <skipped/>
  </testcase> <!-- end_of_Search -->
  <system-out/>
  <testcase classname="test_map_rnc.Test_Runner" name="end_of_Search" time="0.472">
    <skipped/>
  </testcase> <!-- end_of_Search -->
  <system-out/>
  <testcase classname="test_map_rnc.Test_Runner" name="end_of_Search" time="0.613">
    <skipped/>
  </testcase> <!-- end_of_Search -->
  <system-out/>
  <testcase classname="test_map_rnc.Test_Runner" name="end_of_Search" time="1.431">
    <skipped/>
  </testcase> <!-- end_of_Search -->
  <system-out/>
  <testcase classname="test_map_rnc.Test_Runner" name="end_of_Search" time="0.667">
    <skipped/>
  </testcase> <!-- end_of_Search -->
  <system-out/>
  <testcase classname="test_map_rnc.Test_Runner" name="end_of_Search" time="0.744">
    <skipped/>
  </testcase> <!-- end_of_Search -->
  <system-out/>
  <testcase classname="test_map_rnc.Test_Runner" name="end_of_Search" time="0.961">
    <skipped/>
  </testcase> <!-- end_of_Search -->
  <system-out/>
  <testcase classname="test_map_rnc.Test_Runner" name="end_of_Search" time="1.259">
    <skipped/>
  </testcase> <!-- end_of_Search -->
  <system-out/>
  <testcase classname="test_map_rnc.Test_Runner" name="end_of_Search" time="1.080">
    <skipped/>
  </testcase> <!-- end_of_Search -->
  <system-out/>
  <testcase classname="test_map_rnc.Test_Runner" name="end_of_Search" time="1.582">
    <skipped/>
  </testcase> <!-- end_of_Search -->
  <system-out/>
  <testcase classname="test_map_rnc.Test_Runner" name="end_of_Search" time="0.634">
    <skipped/>
  </testcase> <!-- end_of_Search -->
  <system-out/>
  <testcase classname="test_map_rnc.Test_Runner" name="end_of_Search" time="1.848">
    <skipped/>
  </testcase> <!-- end_of_Search -->
  <system-out/>
  <testcase classname="test_map_rnc.Test_Runner" name="end_of_Search" time="0.890">
    <skipped/>
  </testcase> <!-- end_of_Search -->
  <system-out/>
  <testcase classname="test_map_rnc.Test_Runner" name="end_of_Search" time="0.645">
    <skipped/>
  </testcase> <!-- end_of_Search -->
  <system-out/>
  <testcase classname="test_map_rnc.Test_Runner" name="end_of_Search" time="1.506">
    <skipped/>
  </testcase> <!-- end_of_Search -->
  <system-out/>
  <testcase classname="test_map_rnc.Test_Runner" name="end_of_Search" time="1.015">
    <skipped/>
  </testcase> <!-- end_of_Search -->
  <system-out/>
  <testcase classname="test_map_rnc.Test_Runner" name="end_of_Search" time="1.155">
    <skipped/>
  </testcase> <!-- end_of_Search -->
  <system-out/>
  <testcase classname="test_map_rnc.Test_Runner" name="end_of_Search" time="1.098">
    <skipped/>
  </testcase> <!-- end_of_Search -->
  <system-out/>
  <testcase classname="test_map_rnc.Test_Runner" name="end_of_Search" time="0.673">
    <skipped/>
  </testcase> <!-- end_of_Search -->
  <system-out/>
  <testcase classname="test_map_rnc.Test_Runner" name="end_of_Search" time="0.865">
    <skipped/>
  </testcase> <!-- end_of_Search -->
  <system-out/>
  <testcase classname="test_map_rnc.Test_Runner" name="end_of_Search" time="0.810">
    <skipped/>
  </testcase> <!-- end_of_Search -->
  <system-out/>
  <testcase classname="test_map_rnc.Test_Runner" name="end_of_Search" time="1.098">
    <skipped/>
  </testcase> <!-- end_of_Search -->
  <system-out/>
  <testcase classname="test_map_rnc.Test_Runner" name="end_of_Search" time="0.727">
    <skipped/>
  </testcase> <!-- end_of_Search -->
  <system-out/>
  <testcase classname="test_map_rnc.Test_Runner" name="end_of_Search" time="2.267"/>
  <system-out/>
  <testcase classname="test_map_rnc.Test_Runner" name="end_of_Search" time="1.176">
    <skipped/>
  </testcase> <!-- end_of_Search -->
  <system-out/>
  <testcase classname="test_map_rnc.Test_Runner" name="end_of_Search" time="0.812">
    <skipped/>
  </testcase> <!-- end_of_Search -->
  <system-out/>
  <testcase classname="test_map_rnc.Test_Runner" name="end_of_Search" time="1.266">
    <skipped/>
  </testcase> <!-- end_of_Search -->
  <system-out/>
  <testcase classname="test_map_rnc.Test_Runner" name="end_of_Search" time="1.306">
    <skipped/>
  </testcase> <!-- end_of_Search -->
  <system-out/>
  <testcase classname="test_map_rnc.Test_Runner" name="end_of_Search" time="1.420">
    <skipped/>
  </testcase> <!-- end_of_Search -->
  <system-out/>
  <testcase classname="test_map_rnc.Test_Runner" name="end_of_Search" time="1.020">
    <skipped/>
  </testcase> <!-- end_of_Search -->
  <system-out/>
  <testcase classname="test_map_rnc.Test_Runner" name="end_of_Search" time="0.547">
    <skipped/>
  </testcase> <!-- end_of_Search -->
  <system-out/>
  <testcase classname="test_map_rnc.Test_Runner" name="end_of_Search" time="1.212">
    <skipped/>
  </testcase> <!-- end_of_Search -->
  <system-out/>
  <testcase classname="test_map_rnc.Test_Runner" name="end_of_Search" time="1.251">
    <skipped/>
  </testcase> <!-- end_of_Search -->
  <system-out/>
  <testcase classname="test_map_rnc.Test_Runner" name="end_of_Search" time="1.593">
    <skipped/>
  </testcase> <!-- end_of_Search -->
  <system-out/>
  <testcase classname="test_map_rnc.Test_Runner" name="end_of_Search" time="1.631">
    <skipped/>
  </testcase> <!-- end_of_Search -->
  <system-out/>
  <testcase classname="test_map_rnc.Test_Runner" name="end_of_Search" time="1.364">
    <skipped/>
  </testcase> <!-- end_of_Search -->
  <system-out/>
  <testcase classname="test_map_rnc.Test_Runner" name="end_of_Search" time="1.054">
    <skipped/>
  </testcase> <!-- end_of_Search -->
  <system-out/>
  <testcase classname="test_map_rnc.Test_Runner" name="end_of_Search" time="1.308">
    <skipped/>
  </testcase> <!-- end_of_Search -->
  <system-out/>
  <testcase classname="test_map_rnc.Test_Runner" name="end_of_Search" time="0.648">
    <skipped/>
  </testcase> <!-- end_of_Search -->
  <system-out/>
  <testcase classname="test_map_rnc.Test_Runner" name="end_of_Search" time="1.254">
    <skipped/>
  </testcase> <!-- end_of_Search -->
  <system-out/>
  <testcase classname="test_map_rnc.Test_Runner" name="end_of_Search" time="0.738">
    <skipped/>
  </testcase> <!-- end_of_Search -->
  <system-out/>
  <testcase classname="test_map_rnc.Test_Runner" name="end_of_Search" time="0.829">
    <skipped/>
  </testcase> <!-- end_of_Search -->
  <system-out/>
  <testcase classname="test_map_rnc.Test_Runner" name="end_of_Search" time="1.201">
    <skipped/>
  </testcase> <!-- end_of_Search -->
  <system-out/>
  <testcase classname="test_map_rnc.Test_Runner" name="end_of_Search" time="1.563">
    <skipped/>
  </testcase> <!-- end_of_Search -->
  <system-out/>
  <testcase classname="test_map_rnc.Test_Runner" name="end_of_Search" time="0.941">
    <skipped/>
  </testcase> <!-- end_of_Search -->
  <system-out/>
  <testcase classname="test_map_rnc.Test_Runner" name="end_of_Search" time="1.520">
    <skipped/>
  </testcase> <!-- end_of_Search -->
  <system-out/>
  <testcase classname="test_map_rnc.Test_Runner" name="end_of_Search" time="0.539">
    <skipped/>
  </testcase> <!-- end_of_Search -->
  <system-out/>
  <testcase classname="test_map_rnc.Test_Runner" name="end_of_Search" time="1.401">
    <skipped/>
  </testcase> <!-- end_of_Search -->
  <system-out/>
  <testcase classname="test_map_rnc.Test_Runner" name="end_of_Search" time="1.097">
    <skipped/>
  </testcase> <!-- end_of_Search -->
  <system-out/>
  <testcase classname="test_map_rnc.Test_Runner" name="end_of_Search" time="1.293">
    <skipped/>
  </testcase> <!-- end_of_Search -->
  <system-out/>
  <testcase classname="test_map_rnc.Test_Runner" name="end_of_Search" time="1.395">
    <skipped/>
  </testcase> <!-- end_of_Search -->
  <system-out/>
  <testcase classname="test_map_rnc.Test_Runner" name="end_of_Search" time="0.787">
    <skipped/>
  </testcase> <!-- end_of_Search -->
  <system-out/>
  <testcase classname="test_map_rnc.Test_Runner" name="end_of_Search" time="1.087">
    <skipped/>
  </testcase> <!-- end_of_Search -->
  <system-out/>
  <testcase classname="test_map_rnc.Test_Runner" name="end_of_Search" time="1.336">
    <skipped/>
  </testcase> <!-- end_of_Search -->
  <system-out/>
  <testcase classname="test_map_rnc.Test_Runner" name="end_of_Search" time="0.813">
    <skipped/>
  </testcase> <!-- end_of_Search -->
  <system-out/>
  <testcase classname="test_map_rnc.Test_Runner" name="end_of_Search" time="1.286">
    <skipped/>
  </testcase> <!-- end_of_Search -->
  <system-out/>
  <testcase classname="test_map_rnc.Test_Runner" name="end_of_Search" time="1.193">
    <skipped/>
  </testcase> <!-- end_of_Search -->
  <system-out/>
  <testcase classname="test_map_rnc.Test_Runner" name="end_of_Search" time="0.826">
    <skipped/>
  </testcase> <!-- end_of_Search -->
  <system-out/>
  <testcase classname="test_map_rnc.Test_Runner" name="end_of_Search" time="1.299">
    <skipped/>
  </testcase> <!-- end_of_Search -->
  <system-out/>
  <testcase classname="test_map_rnc.Test_Runner" name="end_of_Search" time="1.108">
    <skipped/>
  </testcase> <!-- end_of_Search -->
  <system-out/>
  <testcase classname="test_map_rnc.Test_Runner" name="end_of_Search" time="1.452">
    <skipped/>
  </testcase> <!-- end_of_Search -->
  <system-out/>
  <testcase classname="test_map_rnc.Test_Runner" name="end_of_Search" time="1.801">
    <skipped/>
  </testcase> <!-- end_of_Search -->
  <system-out/>
  <testcase classname="test_map_rnc.Test_Runner" name="end_of_Search" time="1.245">
    <skipped/>
  </testcase> <!-- end_of_Search -->
  <system-out/>
  <testcase classname="test_map_rnc.Test_Runner" name="end_of_Search" time="0.708">
    <skipped/>
  </testcase> <!-- end_of_Search -->
  <system-out/>
  <testcase classname="test_map_rnc.Test_Runner" name="end_of_Search" time="0.582">
    <skipped/>
  </testcase> <!-- end_of_Search -->
  <system-out/>
  <testcase classname="test_map_rnc.Test_Runner" name="end_of_Search" time="1.652">
    <skipped/>
  </testcase> <!-- end_of_Search -->
  <system-out/>
  <testcase classname="test_map_rnc.Test_Runner" name="end_of_Search" time="0.640">
    <skipped/>
  </testcase> <!-- end_of_Search -->
  <system-out/>
  <testcase classname="test_map_rnc.Test_Runner" name="end_of_Search" time="1.162">
    <skipped/>
  </testcase> <!-- end_of_Search -->
  <system-out/>
  <testcase classname="test_map_rnc.Test_Runner" name="end_of_Search" time="1.426">
    <skipped/>
  </testcase> <!-- end_of_Search -->
  <system-out/>
  <testcase classname="test_map_rnc.Test_Runner" name="end_of_Search" time="0.966">
    <skipped/>
  </testcase> <!-- end_of_Search -->
  <system-out/>
  <testcase classname="test_map_rnc.Test_Runner" name="end_of_Search" time="0.740">
    <skipped/>
  </testcase> <!-- end_of_Search -->
  <system-out/>
  <testcase classname="test_map_rnc.Test_Runner" name="end_of_Search" time="0.477">
    <skipped/>
  </testcase> <!-- end_of_Search -->
  <system-out/>
  <testcase classname="test_map_rnc.Test_Runner" name="end_of_Search" time="0.856">
    <skipped/>
  </testcase> <!-- end_of_Search -->
  <system-out/>
  <testcase classname="test_map_rnc.Test_Runner" name="end_of_Search" time="0.758">
    <skipped/>
  </testcase> <!-- end_of_Search -->
  <system-out/>
  <testcase classname="test_map_rnc.Test_Runner" name="end_of_Search" time="0.878">
    <skipped/>
  </testcase> <!-- end_of_Search -->
  <system-out/>
  <testcase classname="test_map_rnc.Test_Runner" name="end_of_Search" time="1.423">
    <skipped/>
  </testcase> <!-- end_of_Search -->
  <system-out/>
  <testcase classname="test_map_rnc.Test_Runner" name="end_of_Search" time="0.994">
    <skipped/>
  </testcase> <!-- end_of_Search -->
  <system-out/>
  <testcase classname="test_map_rnc.Test_Runner" name="end_of_Search" time="0.970">
    <skipped/>
  </testcase> <!-- end_of_Search -->
  <system-out/>
  <testcase classname="test_map_rnc.Test_Runner" name="printList" time="0.009"/>
  <system-out/>
</testsuite> <!-- test_map_rnc.Test_Runner -->
