<?xml version="1.0" encoding="UTF-8"?>
<!-- Generated by org.testng.reporters.JUnitReportReporter -->
<testsuite hostname="ajit-Ideapad-Z570" failures="0" tests="1" name="test_main.Test_1" time="0.018" errors="0" timestamp="2023-09-12T17:35:16 IST" skipped="0">
  <testcase classname="test_main.Test_1" name="base" time="0.018"/>
  <system-out/>
</testsuite> <!-- test_main.Test_1 -->
